<?xml version="1.0" encoding="UTF-8"?>
<!-- Generated by org.testng.reporters.JUnitReportReporter -->
<testsuite hostname="HeartPC" failures="0" tests="2" name="End2EndProjects.FlightBooking.ErrorValidationsTest" time="55.002" errors="0" timestamp="2022-12-13T21:38:10 SGT" skipped="0">
  <testcase classname="End2EndProjects.FlightBooking.ErrorValidationsTest" name="infantErrorTest" time="25.653"/>
  <system-out/>
  <testcase classname="End2EndProjects.FlightBooking.ErrorValidationsTest" name="infantErrorTest" time="29.349"/>
  <system-out/>
</testsuite> <!-- End2EndProjects.FlightBooking.ErrorValidationsTest -->
