<?xml version="1.0" encoding="UTF-8"?>
<!-- Generated by org.testng.reporters.JUnitReportReporter -->
<testsuite hostname="HeartPC" failures="0" tests="2" name="End2EndProjects.FlightBooking.BookingTest" time="24.705" errors="0" timestamp="2022-12-13T12:54:06 SGT" skipped="0">
  <testcase classname="End2EndProjects.FlightBooking.BookingTest" name="roundTripTest" time="12.136"/>
  <system-out/>
  <testcase classname="End2EndProjects.FlightBooking.BookingTest" name="roundTripTest" time="12.569"/>
  <system-out/>
</testsuite> <!-- End2EndProjects.FlightBooking.BookingTest -->
