<?xml version="1.0" encoding="UTF-8"?>
<!-- Generated by org.testng.reporters.JUnitReportReporter -->
<testsuite hostname="HeartPC" failures="0" tests="1" name="End2EndProjects.FlightBooking.SampleTest" time="12.503" errors="0" timestamp="2022-12-13T20:56:51 SGT" skipped="0">
  <testcase classname="End2EndProjects.FlightBooking.SampleTest" name="minFamilyandFriendsTest" time="12.503"/>
  <system-out/>
</testsuite> <!-- End2EndProjects.FlightBooking.SampleTest -->
